<?xml version="1.0" encoding="UTF-8"?>
<!-- Generated by org.testng.reporters.JUnitXMLReporter -->
<testsuite hostname="DESKTOP-VPL3NGN" ignored="0" name="SignIn Page Tests" tests="2" failures="1" timestamp="04 Feb 2018 07:27:03 GMT" time="9.938" errors="0">
  <testcase name="SigninScenario_Test01" time="5.266" classname="Woot_Tests.SignInPageTest">
    <failure type="java.lang.AssertionError" message="expected [true] but found [false]">
      <![CDATA[java.lang.AssertionError: expected [true] but found [false]at Woot_Tests.SignInPageTest.SigninScenario_Test01(SignInPageTest.java:46)... Removed 29 stack frames]]>
    </failure>
  </testcase> <!-- SigninScenario_Test01 -->
  <testcase name="negativeSignIn_test02" time="2.03" classname="Woot_Tests.SignInPageTest"/>
</testsuite> <!-- SignIn Page Tests -->
