<?xml version="1.0" encoding="UTF-8"?>
<testng-results skipped="0" failed="1" ignored="0" total="2" passed="1">
  <reporter-output>
  </reporter-output>
  <suite name="SignInPage" duration-ms="9938" started-at="2018-02-04T07:26:53Z" finished-at="2018-02-04T07:27:03Z">
    <groups>
    </groups>
    <test name="SignIn Page Tests" duration-ms="9938" started-at="2018-02-04T07:26:53Z" finished-at="2018-02-04T07:27:03Z">
      <class name="Woot_Tests.SignInPageTest">
        <test-method status="PASS" signature="beforeSuite()[pri:0, instance:Woot_Tests.SignInPageTest@3e6fa38a]" name="beforeSuite" is-config="true" duration-ms="1" started-at="2018-02-03T23:26:53Z" finished-at="2018-02-03T23:26:53Z">
          <reporter-output>
          </reporter-output>
        </test-method> <!-- beforeSuite -->
        <test-method status="PASS" signature="beforeTest()[pri:0, instance:Woot_Tests.SignInPageTest@3e6fa38a]" name="beforeTest" is-config="true" duration-ms="1" started-at="2018-02-03T23:26:53Z" finished-at="2018-02-03T23:26:53Z">
          <reporter-output>
          </reporter-output>
        </test-method> <!-- beforeTest -->
        <test-method status="PASS" signature="beforeClass()[pri:0, instance:Woot_Tests.SignInPageTest@3e6fa38a]" name="beforeClass" is-config="true" duration-ms="2619" started-at="2018-02-03T23:26:53Z" finished-at="2018-02-03T23:26:56Z">
          <reporter-output>
          </reporter-output>
        </test-method> <!-- beforeClass -->
        <test-method status="FAIL" signature="SigninScenario_Test01()[pri:0, instance:Woot_Tests.SignInPageTest@3e6fa38a]" name="SigninScenario_Test01" duration-ms="5266" started-at="2018-02-03T23:26:56Z" finished-at="2018-02-03T23:27:01Z">
          <exception class="java.lang.AssertionError">
            <message>
              <![CDATA[expected [true] but found [false]]]>
            </message>
            <full-stacktrace>
              <![CDATA[java.lang.AssertionError: expected [true] but found [false]at org.testng.Assert.fail(Assert.java:96)at org.testng.Assert.failNotEquals(Assert.java:776)at org.testng.Assert.assertTrue(Assert.java:44)at org.testng.Assert.assertTrue(Assert.java:54)at Woot_Tests.SignInPageTest.SigninScenario_Test01(SignInPageTest.java:46)at sun.reflect.NativeMethodAccessorImpl.invoke0(Native Method)at sun.reflect.NativeMethodAccessorImpl.invoke(Unknown Source)at sun.reflect.DelegatingMethodAccessorImpl.invoke(Unknown Source)at java.lang.reflect.Method.invoke(Unknown Source)at org.testng.internal.MethodInvocationHelper.invokeMethod(MethodInvocationHelper.java:124)at org.testng.internal.Invoker.invokeMethod(Invoker.java:571)at org.testng.internal.Invoker.invokeTestMethod(Invoker.java:707)at org.testng.internal.Invoker.invokeTestMethods(Invoker.java:979)at org.testng.internal.TestMethodWorker.invokeTestMethods(TestMethodWorker.java:125)at org.testng.internal.TestMethodWorker.run(TestMethodWorker.java:109)at org.testng.TestRunner.privateRun(TestRunner.java:648)at org.testng.TestRunner.run(TestRunner.java:505)at org.testng.SuiteRunner.runTest(SuiteRunner.java:455)at org.testng.SuiteRunner.runSequentially(SuiteRunner.java:450)at org.testng.SuiteRunner.privateRun(SuiteRunner.java:415)at org.testng.SuiteRunner.run(SuiteRunner.java:364)at org.testng.SuiteRunnerWorker.runSuite(SuiteRunnerWorker.java:52)at org.testng.SuiteRunnerWorker.run(SuiteRunnerWorker.java:84)at org.testng.TestNG.runSuitesSequentially(TestNG.java:1187)at org.testng.TestNG.runSuitesLocally(TestNG.java:1116)at org.testng.TestNG.runSuites(TestNG.java:1028)at org.testng.TestNG.run(TestNG.java:996)at org.testng.remote.AbstractRemoteTestNG.run(AbstractRemoteTestNG.java:114)at org.testng.remote.RemoteTestNG.initAndRun(RemoteTestNG.java:251)at org.testng.remote.RemoteTestNG.main(RemoteTestNG.java:77)]]>
            </full-stacktrace>
          </exception> <!-- java.lang.AssertionError -->
          <reporter-output>
          </reporter-output>
        </test-method> <!-- SigninScenario_Test01 -->
        <test-method status="PASS" signature="beforeMethod()[pri:0, instance:Woot_Tests.SignInPageTest@3e6fa38a]" name="beforeMethod" is-config="true" duration-ms="0" started-at="2018-02-03T23:26:56Z" finished-at="2018-02-03T23:26:56Z">
          <reporter-output>
          </reporter-output>
        </test-method> <!-- beforeMethod -->
        <test-method status="PASS" signature="beforeMethod()[pri:0, instance:Woot_Tests.SignInPageTest@3e6fa38a]" name="beforeMethod" is-config="true" duration-ms="0" started-at="2018-02-03T23:27:01Z" finished-at="2018-02-03T23:27:01Z">
          <reporter-output>
          </reporter-output>
        </test-method> <!-- beforeMethod -->
        <test-method status="PASS" signature="afterMethod()[pri:0, instance:Woot_Tests.SignInPageTest@3e6fa38a]" name="afterMethod" is-config="true" duration-ms="0" started-at="2018-02-03T23:27:01Z" finished-at="2018-02-03T23:27:01Z">
          <reporter-output>
          </reporter-output>
        </test-method> <!-- afterMethod -->
        <test-method status="PASS" signature="negativeSignIn_test02()[pri:0, instance:Woot_Tests.SignInPageTest@3e6fa38a]" name="negativeSignIn_test02" duration-ms="2030" started-at="2018-02-03T23:27:01Z" finished-at="2018-02-03T23:27:03Z">
          <reporter-output>
          </reporter-output>
        </test-method> <!-- negativeSignIn_test02 -->
        <test-method status="PASS" signature="afterMethod()[pri:0, instance:Woot_Tests.SignInPageTest@3e6fa38a]" name="afterMethod" is-config="true" duration-ms="1" started-at="2018-02-03T23:27:03Z" finished-at="2018-02-03T23:27:03Z">
          <reporter-output>
          </reporter-output>
        </test-method> <!-- afterMethod -->
        <test-method status="PASS" signature="afterClass()[pri:0, instance:Woot_Tests.SignInPageTest@3e6fa38a]" name="afterClass" is-config="true" duration-ms="0" started-at="2018-02-03T23:27:03Z" finished-at="2018-02-03T23:27:03Z">
          <reporter-output>
          </reporter-output>
        </test-method> <!-- afterClass -->
        <test-method status="PASS" signature="afterTest()[pri:0, instance:Woot_Tests.SignInPageTest@3e6fa38a]" name="afterTest" is-config="true" duration-ms="0" started-at="2018-02-03T23:27:03Z" finished-at="2018-02-03T23:27:03Z">
          <reporter-output>
          </reporter-output>
        </test-method> <!-- afterTest -->
        <test-method status="PASS" signature="afterSuite()[pri:0, instance:Woot_Tests.SignInPageTest@3e6fa38a]" name="afterSuite" is-config="true" duration-ms="0" started-at="2018-02-03T23:27:03Z" finished-at="2018-02-03T23:27:03Z">
          <reporter-output>
          </reporter-output>
        </test-method> <!-- afterSuite -->
      </class> <!-- Woot_Tests.SignInPageTest -->
    </test> <!-- SignIn Page Tests -->
  </suite> <!-- SignInPage -->
</testng-results>
