<?xml version="1.0" encoding="UTF-8"?>
<!-- Generated by org.testng.reporters.JUnitXMLReporter -->
<testsuite hostname="DESKTOP-VPL3NGN" ignored="0" name="Home and Kitchen shopping Tests" tests="2" failures="1" timestamp="04 Feb 2018 07:15:11 GMT" time="18.04" errors="0">
  <testcase name="HomeKitShopping_test01" time="9.897" classname="Woot_Tests.HomeKitShoppingTest">
    <failure type="java.lang.AssertionError" message="expected [true] but found [false]">
      <![CDATA[java.lang.AssertionError: expected [true] but found [false]at Woot_Tests.HomeKitShoppingTest.HomeKitShopping_test01(HomeKitShoppingTest.java:29)... Removed 29 stack frames]]>
    </failure>
  </testcase> <!-- HomeKitShopping_test01 -->
  <testcase name="selectQuantity_test02" time="5.309" classname="Woot_Tests.HomeKitShoppingTest"/>
</testsuite> <!-- Home and Kitchen shopping Tests -->
